<?xml version="1.0" encoding="UTF-8"?>
<testng-results skipped="0" failed="0" ignored="0" total="1" passed="1">
  <reporter-output>
  </reporter-output>
  <suite name="Default suite" duration-ms="15858" started-at="2022-05-12T10:39:42Z" finished-at="2022-05-12T10:39:58Z">
    <groups>
    </groups>
    <test name="Default test" duration-ms="15858" started-at="2022-05-12T10:39:42Z" finished-at="2022-05-12T10:39:58Z">
      <class name="extentReportPackage.extentReportclass">
        <test-method status="PASS" signature="BT()[pri:0, instance:extentReportPackage.extentReportclass@6b53e23f]" name="BT" is-config="true" duration-ms="3417" started-at="2022-05-12T10:39:42Z" finished-at="2022-05-12T10:39:45Z">
          <reporter-output>
          </reporter-output>
        </test-method> <!-- BT -->
        <test-method status="PASS" signature="test()[pri:0, instance:extentReportPackage.extentReportclass@6b53e23f]" name="test" duration-ms="12378" started-at="2022-05-12T10:39:45Z" finished-at="2022-05-12T10:39:58Z">
          <reporter-output>
          </reporter-output>
        </test-method> <!-- test -->
      </class> <!-- extentReportPackage.extentReportclass -->
    </test> <!-- Default test -->
  </suite> <!-- Default suite -->
</testng-results>
